<?xml version="1.0" encoding="UTF-8"?>
<!-- Generated by org.testng.reporters.JUnitReportReporter -->
<testsuite hostname="DESKTOP-13EV4P4" failures="0" tests="2" name="firstAdvanceTask.loginProcess" time="1.010" errors="0" timestamp="2023-11-29T21:48:06 EET" skipped="0">
  <testcase classname="firstAdvanceTask.loginProcess" name="lonigTest" time="0.368"/>
  <system-out/>
  <testcase classname="firstAdvanceTask.loginProcess" name="addToCard" time="0.642"/>
  <system-out/>
</testsuite> <!-- firstAdvanceTask.loginProcess -->
